◇ injected env (17) from .env // tip: ⌁ auth for agents [www.vestauth.com]
== Refunding expired Spark→EVM orders ==
Connecting Spark wallet…
wallet: sparkrt1pgssyjnc4p35n5ew2ah0h9w5z9me20x60l585xeujgunx2qfs0cznkw2r5pwv7

Fetching expired orders…
Fetched 89 expired Spark-source orders.
Targets: 86 (skipped: 3)
[001/86] OK order=d46106e712b7445f108f9ee5536c0aea66a57b04ec7c75336d84674b01d4005f amt=8 tx=019e3fc7-f360-76a0-aa24-d45c0c7960c6 took=844ms
[002/86] OK order=27fef377df9003ba9ceaca1f476d0f0dfa30e75cdfd1128365272b8107cede9d amt=9 tx=019e3fc7-f6ad-77e5-ae04-5e87527fe91e took=867ms
[003/86] OK order=85ff6290388e0fee07c17bac68924ebf08f9617851926388451b8ffdced5c59b amt=10 tx=019e3fc7-fa14-750a-8f46-e68000e08fd7 took=1066ms
[004/86] OK order=ed8753171dd494d6e7cd60904ac77d001a000e71ad8744659b7bbe6186d0c52f amt=3 tx=019e3fc7-fe3c-7872-8576-91ecfda00536 took=885ms
[005/86] OK order=ee9d1b371dc51b4b1a499af69851a5d9e2362f3e2ed3dbcb859aa32576f78ce5 amt=7 tx=019e3fc8-1c87-77bd-ad2d-b95a8c5649f0 took=7822ms
[006/86] OK order=79521941d069557385f41da1ceaa5d7f85e6e511b78d3ca50cde134365d59119 amt=10 tx=019e3fc8-203c-794d-ad46-7a335be2683d took=1135ms
[007/86] OK order=7a422c38d91bf5cab6538c6364ba094baf8c62ed54ddb6bf214318110a57c45c amt=1 tx=019e3fc8-24ad-7395-a136-a121f262cd21 took=804ms
[008/86] OK order=01e9a38615a3e4dd05292f019fee1433c895a616c0a6cb51c81680bc7609f1b6 amt=10 tx=019e3fc8-27d3-7ed8-8ad3-f55305cfa4e4 took=1050ms
[009/86] OK order=0d36e397a41ab08f661e34fdeb01c218e826447431552e4d4f2ec35acd8066fc amt=7 tx=019e3fc8-2bf0-74e5-aee0-d21c146b2c63 took=855ms
[010/86] OK order=3e954a4b2cf9e6fa644facafd970def64fdaedf06fbc1be627cc390d7a69fc10 amt=7 tx=019e3fc8-2f46-73bc-ba04-08b49c8ea0d1 took=997ms
[011/86] OK order=f312786ddad7e71f35ec723b999470f86da1fa5b931047b68a23b39a496889ab amt=3 tx=019e3fc8-3328-7486-b44f-6f9e8df61f8d took=855ms
[012/86] OK order=f1ac5b263f82d394313eca41b57591f3191839528e8e4c75259825909fe3bb03 amt=1 tx=019e3fc8-3680-7335-a7fc-c93170393dd2 took=795ms
[013/86] OK order=2c93cd93008ca4058c1faad7f3684cda9019cff71c4a0ee0b931a7c90c3516b6 amt=10 tx=019e3fc8-4d3c-7d3d-8e31-f26bbdd7b22a took=6024ms
[014/86] OK order=4a672412c3c943214bdd1bb5ee31113185a22a2c020997b81af89dbfdadf6a3b amt=6 tx=019e3fc8-5126-7b10-9c12-e281e2b0cc7f took=1138ms
[015/86] OK order=ab3e977d2c19eb73a5e59dea7d3c6151d4ea36bc5abd28792a2803244df2952f amt=1 tx=019e3fc8-5595-7fa6-a30c-99b7fafd2bb0 took=869ms
[016/86] OK order=9bfc70d69a310d7a1aa4537508c7377bcd371847197c569a2823bbd6bc6e2ccc amt=2 tx=019e3fc8-58fb-71e0-8905-481297913b5a took=1000ms
[017/86] OK order=1cb8ab7b8b3f80a4f80585bf18f7fdb82771281fc7288eb44999395140abd93f amt=2 tx=019e3fc8-5ce2-71a9-97c4-2bd6c8dedd1b took=848ms
[018/86] ERR order=5558f3dd989e2b0179045b52285cdebb5520232c85b10b09b44add99acd71741 amt=6: /spark.SparkService/get_signing_commitments PERMISSION_DENIED: nodes [019a9934-34c5-76e7-9e46-d5753fc33b64] are not owned by the authenticated identity public key 024a78a86349d32e576efb95d41177953cda7fe87a1b3c923933280983f029d9ca [traceId: 0c7a0c4ede8134cb98b81094dbc8933b, idPubKey: 024a78a86349d32e576efb95d41177953cda7fe87a1b3c923933280983f029d9ca, clientEnv: js-spark-sdk/0.7.14 node/v24.13.1]
[019/86] ERR order=571b5764e9e9f16b1c7cb21acb7fecec4e2f9bf136775e5e7420fcb33cb70370 amt=3: /spark.SparkService/get_signing_commitments PERMISSION_DENIED: nodes [019a9934-34c5-76e7-9e46-d5753fc33b64] are not owned by the authenticated identity public key 024a78a86349d32e576efb95d41177953cda7fe87a1b3c923933280983f029d9ca [traceId: a01633be404a1a92296c5b929471bffa, idPubKey: 024a78a86349d32e576efb95d41177953cda7fe87a1b3c923933280983f029d9ca, clientEnv: js-spark-sdk/0.7.14 node/v24.13.1]
[020/86] OK order=c487fd869fa5a797044aa402302887502fb0161e657aa512b240353c0f9adc34 amt=8 tx=019e3fc8-624c-7a77-b4be-1aec8460f752 took=765ms
[021/86] OK order=ac5583c98657a7974ad291fe1277022d997bc9043e23761a29a085ca1fe2f44f amt=1 tx=019e3fc8-6546-74f8-a128-f83b269bd565 took=731ms
[022/86] OK order=721a6073ed684aed0e047257a71bb32596823dded29834eff76ed979607a5565 amt=6 tx=019e3fc8-6822-7b85-9e79-ff35147095ff took=851ms
[023/86] OK order=e5b51477bf74055a2e4e853be204d94dcbbd2e207f50d8fba429aa7bb28927af amt=7 tx=019e3fc8-6b76-7cc2-967e-08f958426dbb took=820ms
[024/86] OK order=8f545d59b821e78483a2b57b43c57833a82e24f4c1e81a50e0917e28ec3b6f9f amt=3 tx=019e3fc8-6eaa-74b9-8080-e198b5cb0582 took=1092ms
[025/86] OK order=92c0a8ba9302b1fa73648366c1cdb6b6b427eb6b2b14cb472f3f0fe54d1c040b amt=7 tx=019e3fc8-72ee-7fdb-ae92-d262536a870a took=791ms
[026/86] OK order=1a4a60efc92af627409eff95aa070438974592656a0d7474dc167cb8cac93b85 amt=7 tx=019e3fc8-8acc-7a25-b186-21975291655d took=6244ms
[027/86] OK order=e288299a75958bc75437d700f1000b9ed70a28fbbf92086987f92e733808656c amt=1 tx=019e3fc8-8e6a-7016-bdc0-735b90f79fe5 took=993ms
[028/86] OK order=9c4bc38a89fd1ddc4299f39979ff259cbaba18217d0318ccddd2d2a55c354614 amt=10 tx=019e3fc8-924b-7819-a9d7-5ad36d75ea3a took=857ms
[029/86] OK order=ec8070de78f2e9e6ad6506fe976a00d89ea243146ad166a5336e54d5672230f6 amt=8 tx=019e3fc8-95a4-7df3-81ee-185fc5d4d83b took=735ms
[030/86] OK order=d33d1257b8ce50bc1450e0085265c9323c9c906f737453fec996f894ef37ea7d amt=1 tx=019e3fc8-9883-7a2b-827e-403bef1ed9ea took=961ms
[031/86] OK order=f4a8ac966bf1f474b27c4882a425e8f9849683f3d11573a1832da97c6f9e9961 amt=5 tx=019e3fc8-9c42-7560-b0aa-93ef2f394bbb took=843ms
[032/86] OK order=d0e70615c8d124b0f8ccddbfa0fbfa3d440512cf869b12f99ac700fb5a9df5e5 amt=9 tx=019e3fc8-a512-7183-955d-13143b9924af took=2603ms
[033/86] OK order=4d14f47a564714d98193d43bbd0cc58fa117a0c05eea72c442e5e8fdc2890647 amt=2 tx=019e3fc8-a9bb-7297-9779-8dd2bf621958 took=1131ms
[034/86] OK order=908f2469afbea64462ba72ec9040eead052151d7a621b4a1dcb20da7158fe75d amt=5 tx=019e3fc8-ae25-7370-9ec6-557539e97f28 took=797ms
[035/86] OK order=e70f5e5e885c36e1c22c2616eebaa4a24ba3d5f2d07ab3f14bfcf36960a5047d amt=4 tx=019e3fc8-b144-7041-a8b2-eb5854aa7acc took=1067ms
[036/86] OK order=07d16151136f8eaf30207e30ecacc061a02864f90f35b7268b4f04bec4719f1f amt=3 tx=019e3fc8-b56d-7e3d-a284-6c58bdd269bd took=799ms
[037/86] OK order=3fdf45085f138422b3839a26e3b3f1b7b0c90761b997abded7e5a9b7658a99d8 amt=1 tx=019e3fc8-b88d-745a-8b3c-81a4cbd0c82b took=703ms
[038/86] OK order=6ed66e3ed15dba8ead7d88d1f5cb448e7faf027f4a74644e519cea1280da96d0 amt=8 tx=019e3fc8-bb4b-7cf6-8041-a1cdbd1915dc took=698ms
[039/86] OK order=a4f417bd9016211d1a06a0f969fdc499d0730573de62080009db87d0839f9083 amt=4 tx=019e3fc8-be05-74d0-a356-6545cb905695 took=886ms
[040/86] OK order=45fcb241c07df1d4251c80f7e9368fcb8733a74233bb41e09264ccda6ed2f5bf amt=2 tx=019e3fc8-c17c-7a97-bc0e-a34e279e3ade took=730ms
[041/86] ERR order=7ecc467841f0e87db459548bb839b8338ee3e9fce57376e99ba2f7b467304826 amt=5: /spark.SparkService/get_signing_commitments PERMISSION_DENIED: nodes [019a9840-5811-7eee-87f3-ca026f4cce9b] are not owned by the authenticated identity public key 024a78a86349d32e576efb95d41177953cda7fe87a1b3c923933280983f029d9ca [traceId: b1a114ee865b1b0bb26eb10bcd37cdf2, idPubKey: 024a78a86349d32e576efb95d41177953cda7fe87a1b3c923933280983f029d9ca, clientEnv: js-spark-sdk/0.7.14 node/v24.13.1]
[042/86] ERR order=f68383c3a7d169c53513af37d28b93f084a25530cf5f1dfc353074f29fa97cfc amt=6: /spark.SparkService/get_signing_commitments PERMISSION_DENIED: nodes [019a9840-5811-7eee-87f3-ca026f4cce9b] are not owned by the authenticated identity public key 024a78a86349d32e576efb95d41177953cda7fe87a1b3c923933280983f029d9ca [traceId: 04a4a88bf0c5c72f8c3284f07e97ca04, idPubKey: 024a78a86349d32e576efb95d41177953cda7fe87a1b3c923933280983f029d9ca, clientEnv: js-spark-sdk/0.7.14 node/v24.13.1]
[043/86] ERR order=2a8e266934c59b76ec29f529b35d8aa72d6bea816d6a110c0d9de89bfef8ac0c amt=8: /spark.SparkService/get_signing_commitments PERMISSION_DENIED: nodes [019a9840-5811-7eee-87f3-ca026f4cce9b] are not owned by the authenticated identity public key 024a78a86349d32e576efb95d41177953cda7fe87a1b3c923933280983f029d9ca [traceId: 5441494efc93f37d61a83792c63d5eb6, idPubKey: 024a78a86349d32e576efb95d41177953cda7fe87a1b3c923933280983f029d9ca, clientEnv: js-spark-sdk/0.7.14 node/v24.13.1]
[044/86] OK order=f4a041bba2c0fc87c36878ded3a9fb68c3a23d04b95688dcf1f1554dcd6ca032 amt=1 tx=019e3fc8-c795-75b6-bc9f-809870f4a989 took=802ms
[045/86] OK order=51f0bc0ead151e2baa5afc1c04ad8322c801deb27036b55c29352b5cd8cf3cf3 amt=2 tx=019e3fc8-cab8-7a2b-930a-93f24721d375 took=961ms
[046/86] OK order=64ac503cec6e89eb1ff2c57e9026f70fe70b153bde750537117f2fa4d4799edb amt=2 tx=019e3fc8-ce75-7325-a5d1-5eb6b088f0f9 took=851ms
[047/86] OK order=cec4094a6e8815721a2787eb04bdc88541ecd28c9739793dc5fd12c6f3bf74e6 amt=10 tx=019e3fc8-d1cb-77f1-b6c4-7d37d39df104 took=1293ms
[048/86] ERR order=c31f4baaeff938837df87c5e547d7ea09299b04c261fd85a0dba9fefc9cf6ea1 amt=8: /spark.SparkService/get_signing_commitments PERMISSION_DENIED: nodes [019a9934-3b19-7d95-b9a7-b516700481df] are not owned by the authenticated identity public key 024a78a86349d32e576efb95d41177953cda7fe87a1b3c923933280983f029d9ca [traceId: 5b6fd1fcf4b994dc0cec21820b9ee44b, idPubKey: 024a78a86349d32e576efb95d41177953cda7fe87a1b3c923933280983f029d9ca, clientEnv: js-spark-sdk/0.7.14 node/v24.13.1]
[049/86] OK order=5355855cc02e820fec6c108d52d7f31387278e4a0d0618c7718b1f487a8061aa amt=6 tx=019e3fc8-d7f1-7dea-b3fb-58d01f69aa81 took=839ms
[050/86] OK order=abc6126c5eea708b206d4be336e67991f526aacb5fc14a4ad73d210006af194d amt=4 tx=019e3fc8-db37-717b-981c-b1b56ab01570 took=996ms
[051/86] OK order=aefb745896b3e0da0359756a427af3e753d7015b8be32bce7c106a697749310f amt=9 tx=019e3fc8-df22-7dfe-8ef6-3db719f73a16 took=1006ms
[052/86] OK order=b59ebe768f49ac40d2269b446a53dc4b3ed4153356b497d0eb60b7118aa3678a amt=6 tx=019e3fc8-f6d8-76a2-a6d6-34eb748220fe took=5938ms
[053/86] OK order=e5e180e4ff90ba67363dde8dcc2b1a7dd70abb564ec31078834fba875019f713 amt=7 tx=019e3fc8-fa3c-7ff5-9e93-107c4ee4a4a0 took=891ms
[054/86] OK order=63377e7ff6de1f352cd6455ec1ebafdd887d6746bb240dd78a8d81b4ffd1534b amt=7 tx=019e3fc8-fdb8-7c2b-8657-7eff5a0db157 took=922ms
[055/86] OK order=207c89ad5fd3c5f8fc24c64ea72ad1aa3070cc14bf86bc16a93d9b8e9b9374e4 amt=6 tx=019e3fc9-0151-7ddb-b5be-ab0bbf2e33c8 took=951ms
[056/86] OK order=a58f5b8997a66965b22f1ba73ac3c1e6ab7201d6a8584baefed1521a3a3dae1d amt=7 tx=019e3fc9-0509-76b5-abf2-fbb8d346bc5c took=1061ms
[057/86] OK order=1255aec3691ad1c162eccde134fbf830a71f1135beb9418edfb26be092a4e1ad amt=6 tx=019e3fc9-1e95-758f-a971-45a09069526c took=6589ms
[058/86] OK order=5c96c42324d7f154ec02edf38a6d6f797f97ce4def5887b5e1765ecae1ec0f92 amt=9 tx=019e3fc9-22eb-74bb-a4c6-36b24f994fbd took=860ms
[059/86] OK order=1556eeb77058afe7f0fad58161e4bf96979a586f0c6a30ce2916a4d4b542013a amt=5 tx=019e3fc9-2646-7b46-b700-132e81917fc9 took=1136ms
[060/86] OK order=c874efcdbc8846242c1c8ea4e59feedc90aeffba35be3abbc888b28e4ee04e7d amt=7 tx=019e3fc9-2ab8-7e8a-bedd-c234c53e9c6d took=861ms
[061/86] OK order=204a9d873b5b384d9e2ec8a56b2402439c6769c7fd7bf75400f93ea4df3e428c amt=2 tx=019e3fc9-2e13-7477-acfc-9761f6889ac5 took=904ms
[062/86] OK order=11e6a28dfff5f6e77267a1af5b80996688f295836f4216d29169f491d092caea amt=7 tx=019e3fc9-319f-762b-a216-04b7daef4ffc took=1310ms
[063/86] OK order=3dedceabcdb0775ca7605ba51c854558766e156b1fe0c1dac9fc98b3f71c6685 amt=6 tx=019e3fc9-36bd-7d43-9b5f-5587744a0100 took=917ms
[064/86] OK order=14fe65d9b36152b98cb18a736e4c6702e6c4793954ee69354b13de7d965f7080 amt=4 tx=019e3fc9-3a53-7361-9de1-de2e724eddc4 took=1194ms
[065/86] OK order=5d888dcf75ef7287d5ccd68e7fcb6e6cb3c1cdbd91e2d21500763b98d65f196a amt=3 tx=019e3fc9-3efc-7ecc-9503-e0a0f298a3e0 took=1125ms
[066/86] OK order=ef523c7a7832d7a4e4b05c18e0643489948640f3584cb5310ba577a3a8c8f238 amt=2 tx=019e3fc9-4361-7459-bd5c-78f0fceca3b3 took=842ms
[067/86] OK order=992a4374bfd861a925b40cb5b0e5e9f680aaa88b10872ce8a3bda328e20c17b0 amt=6 tx=019e3fc9-4fbb-7281-a8d2-5ba90e90f22f took=3470ms
[068/86] OK order=95b9d1a10e1d81bce8a6d07ee52da74063ce7727dbe8d4a639d0f0515d71603b amt=9 tx=019e3fc9-543c-7037-bcfd-92a18cf311ab took=1017ms
[069/86] ERR order=120d04e88c0c794c8800b03ca6a9c733eb8ef0d73b1f1d96f8eef23728d16377 amt=2: /spark.SparkService/get_signing_commitments PERMISSION_DENIED: nodes [019a9934-2e80-79cd-8509-b544b75a24e3] are not owned by the authenticated identity public key 024a78a86349d32e576efb95d41177953cda7fe87a1b3c923933280983f029d9ca [traceId: 8e6a65eb0c7b01cf8ea9c419218f2f46, idPubKey: 024a78a86349d32e576efb95d41177953cda7fe87a1b3c923933280983f029d9ca, clientEnv: js-spark-sdk/0.7.14 node/v24.13.1]
[070/86] OK order=2ff7ae1319d6a5e9819ee409c88dcc780963251a764afc6291e551d386d48167 amt=3 tx=019e3fc9-5940-71c9-9b7d-e5dda6a12d82 took=975ms
[071/86] OK order=3a227aedbc8e6bcd4fdbb4085691b36f56d4601e2861cb345dda7af27ed7c6f2 amt=1 tx=019e3fc9-5d12-7d35-a2f0-f33aa70a32a2 took=784ms
[072/86] OK order=8b6a981e98cfd702ee929b09962a1e9a4c1bcfaa9bdf625645e379f008d67b61 amt=1 tx=019e3fc9-6022-77a8-af2b-5ed1051562d6 took=891ms
[073/86] OK order=804a8b57225cbd7ece16eae395e003607ec987a67f4b28daca7fcb83f7ca7313 amt=9 tx=019e3fc9-75bc-7731-93e0-66d40a5004f0 took=5499ms
[074/86] OK order=af99018ed351a3c5aaa29f76063e0a6051ef02e56799990e6daa1d11b79c745f amt=2 tx=019e3fc9-7918-76ec-8d66-1fb02bb3fd69 took=772ms
[075/86] OK order=f9336d5fc83071f839c380f9a6f77e9ec30723f073e2bcaae37530b61b1a15ed amt=7 tx=019e3fc9-7c21-7a66-9a5d-3480b8eddf54 took=957ms
[076/86] OK order=f4e514b6dcf18d330e8c2bce21f3a9de3da5e3efe704e07c448c79db12de4b9e amt=9 tx=019e3fc9-7fdc-7a6d-885a-bf03772df73f took=771ms
[077/86] OK order=5c97ef9c0394e6d1b00d9a8e5b283bc050a2100d78009ec415b1f14244f38490 amt=6 tx=019e3fc9-82e0-703f-8af1-f54a0dc010cb took=928ms
[078/86] OK order=78b520569ba4c3a541057ebd1e2cccc66ccab5e947cdde8446222624e5d730df amt=9 tx=019e3fc9-867b-7af9-a0b3-2b67a9824350 took=931ms
[079/86] ERR order=ea434bada806e2f6b4dcd2124dbde2457c02b9a32afd00200d7aba294b4a0ae8 amt=10: /spark.SparkService/get_signing_commitments PERMISSION_DENIED: nodes [019a9840-470d-7250-906a-b2fa9e16de19] are not owned by the authenticated identity public key 024a78a86349d32e576efb95d41177953cda7fe87a1b3c923933280983f029d9ca [traceId: aea5bb55d4a3591492c557d1a72e51c2, idPubKey: 024a78a86349d32e576efb95d41177953cda7fe87a1b3c923933280983f029d9ca, clientEnv: js-spark-sdk/0.7.14 node/v24.13.1]
[080/86] OK order=34cd2cc2bc64db9645118300f7d4a700fc7c4b719150782b7297e1b8189738b9 amt=2 tx=019e3fc9-8b37-7957-abbc-54cc82b52d54 took=765ms
[081/86] OK order=887f4f49be47ef07beb9eda35df41625164af21f2a7b3d8782c4432d65a63505 amt=7 tx=019e3fc9-8e33-7eb7-af96-a50a3ce8387e took=811ms
[082/86] OK order=3a3ebfa504b92d916e8c5b0b8f911ba6c9183cc58ff8952be3d689e292392eb5 amt=3 tx=019e3fc9-9160-71cd-9935-38c7a26f8766 took=1007ms
[083/86] OK order=4673ff0b5110faf172708b39897bf84b54460b15181a43f61f71dd0ee161c1ff amt=2 tx=019e3fc9-954e-7572-9005-62e3aaa067e1 took=804ms
[084/86] OK order=398b384fe536cede5c1b2337af9f69992dabf89b436d0970752c6742985ea201 amt=1 tx=019e3fc9-9872-7fa0-8a3f-2f27f880ab73 took=852ms
[085/86] OK order=cf75fb8620b9a2eab696d7d5b58bc8ba93333d4ece7c04ba8fcfe349cb4002b5 amt=8 tx=019e3fc9-9bc5-7eb6-bea5-effb958d79dd took=907ms
[086/86] OK order=315bbf473f41db426ee502c36467e48c0784dced8bda92373d22e3d119a71b2b amt=8 tx=019e3fc9-9f56-7265-8624-dc2cfcf28eb1 took=1061ms

=== Summary ===
fetched:  89
skipped:  3
ok:       78
err:      8
wall:     110.6s
